<?xml version="1.0" encoding="UTF-8"?>
<testng-results skipped="9" failed="0" total="9" passed="0">
  <reporter-output>
  </reporter-output>
  <suite name="Default suite" duration-ms="2356" started-at="2017-05-04T04:03:00Z" finished-at="2017-05-04T04:03:02Z">
    <groups>
    </groups>
    <test name="Default test" duration-ms="2356" started-at="2017-05-04T04:03:00Z" finished-at="2017-05-04T04:03:02Z">
      <class name="test.test_001">
        <test-method status="FAIL" signature="setUp()[pri:0, instance:test.test_001@1593948d]" name="setUp" is-config="true" duration-ms="0" started-at="2017-05-04T11:03:00Z" finished-at="2017-05-04T11:03:00Z">
          <exception class="org.openqa.selenium.WebDriverException">
            <message>
              <![CDATA[org.apache.http.conn.HttpHostConnectException: Connect to 127.0.0.1:4723 [/127.0.0.1] failed: Connection refused: connect
Build info: version: '3.0.1', revision: '1969d75', time: '2016-10-18 09:48:19 -0700'
System info: host: 'CPP00077293C', ip: '10.133.85.52', os.name: 'Windows 7', os.arch: 'amd64', os.version: '6.1', java.version: '1.8.0_91'
Driver info: driver.version: AndroidDriver]]>
            </message>
            <full-stacktrace>
              <![CDATA[org.openqa.selenium.WebDriverException: org.apache.http.conn.HttpHostConnectException: Connect to 127.0.0.1:4723 [/127.0.0.1] failed: Connection refused: connect
Build info: version: '3.0.1', revision: '1969d75', time: '2016-10-18 09:48:19 -0700'
System info: host: 'CPP00077293C', ip: '10.133.85.52', os.name: 'Windows 7', os.arch: 'amd64', os.version: '6.1', java.version: '1.8.0_91'
Driver info: driver.version: AndroidDriver
	at io.appium.java_client.remote.AppiumCommandExecutor.execute(AppiumCommandExecutor.java:84)
	at org.openqa.selenium.remote.RemoteWebDriver.execute(RemoteWebDriver.java:601)
	at io.appium.java_client.DefaultGenericMobileDriver.execute(DefaultGenericMobileDriver.java:40)
	at io.appium.java_client.AppiumDriver.execute(AppiumDriver.java:1)
	at io.appium.java_client.android.AndroidDriver.execute(AndroidDriver.java:1)
	at org.openqa.selenium.remote.RemoteWebDriver.startSession(RemoteWebDriver.java:241)
	at org.openqa.selenium.remote.RemoteWebDriver.<init>(RemoteWebDriver.java:128)
	at org.openqa.selenium.remote.RemoteWebDriver.<init>(RemoteWebDriver.java:141)
	at io.appium.java_client.DefaultGenericMobileDriver.<init>(DefaultGenericMobileDriver.java:36)
	at io.appium.java_client.AppiumDriver.<init>(AppiumDriver.java:114)
	at io.appium.java_client.AppiumDriver.<init>(AppiumDriver.java:132)
	at io.appium.java_client.android.AndroidDriver.<init>(AndroidDriver.java:92)
	at test.test_001.setUp(test_001.java:50)
	at sun.reflect.NativeMethodAccessorImpl.invoke0(Native Method)
	at sun.reflect.NativeMethodAccessorImpl.invoke(NativeMethodAccessorImpl.java:62)
	at sun.reflect.DelegatingMethodAccessorImpl.invoke(DelegatingMethodAccessorImpl.java:43)
	at java.lang.reflect.Method.invoke(Method.java:498)
	at org.testng.internal.MethodInvocationHelper.invokeMethod(MethodInvocationHelper.java:86)
	at org.testng.internal.Invoker.invokeConfigurationMethod(Invoker.java:514)
	at org.testng.internal.Invoker.invokeConfigurations(Invoker.java:215)
	at org.testng.internal.Invoker.invokeMethod(Invoker.java:589)
	at org.testng.internal.Invoker.invokeTestMethod(Invoker.java:820)
	at org.testng.internal.Invoker.invokeTestMethods(Invoker.java:1128)
	at org.testng.internal.TestMethodWorker.invokeTestMethods(TestMethodWorker.java:129)
	at org.testng.internal.TestMethodWorker.run(TestMethodWorker.java:112)
	at org.testng.TestRunner.privateRun(TestRunner.java:782)
	at org.testng.TestRunner.run(TestRunner.java:632)
	at org.testng.SuiteRunner.runTest(SuiteRunner.java:366)
	at org.testng.SuiteRunner.runSequentially(SuiteRunner.java:361)
	at org.testng.SuiteRunner.privateRun(SuiteRunner.java:319)
	at org.testng.SuiteRunner.run(SuiteRunner.java:268)
	at org.testng.SuiteRunnerWorker.runSuite(SuiteRunnerWorker.java:52)
	at org.testng.SuiteRunnerWorker.run(SuiteRunnerWorker.java:86)
	at org.testng.TestNG.runSuitesSequentially(TestNG.java:1244)
	at org.testng.TestNG.runSuitesLocally(TestNG.java:1169)
	at org.testng.TestNG.run(TestNG.java:1064)
	at org.testng.remote.AbstractRemoteTestNG.run(AbstractRemoteTestNG.java:132)
	at org.testng.remote.RemoteTestNG.initAndRun(RemoteTestNG.java:230)
	at org.testng.remote.RemoteTestNG.main(RemoteTestNG.java:76)
Caused by: org.apache.http.conn.HttpHostConnectException: Connect to 127.0.0.1:4723 [/127.0.0.1] failed: Connection refused: connect
	at org.apache.http.impl.conn.DefaultHttpClientConnectionOperator.connect(DefaultHttpClientConnectionOperator.java:158)
	at org.apache.http.impl.conn.PoolingHttpClientConnectionManager.connect(PoolingHttpClientConnectionManager.java:353)
	at org.apache.http.impl.execchain.MainClientExec.establishRoute(MainClientExec.java:380)
	at org.apache.http.impl.execchain.MainClientExec.execute(MainClientExec.java:236)
	at org.apache.http.impl.execchain.ProtocolExec.execute(ProtocolExec.java:184)
	at org.apache.http.impl.execchain.RetryExec.execute(RetryExec.java:88)
	at org.apache.http.impl.execchain.RedirectExec.execute(RedirectExec.java:110)
	at org.apache.http.impl.client.InternalHttpClient.doExecute(InternalHttpClient.java:184)
	at org.apache.http.impl.client.CloseableHttpClient.execute(CloseableHttpClient.java:71)
	at org.apache.http.impl.client.CloseableHttpClient.execute(CloseableHttpClient.java:55)
	at org.openqa.selenium.remote.internal.ApacheHttpClient.fallBackExecute(ApacheHttpClient.java:142)
	at org.openqa.selenium.remote.internal.ApacheHttpClient.execute(ApacheHttpClient.java:88)
	at org.openqa.selenium.remote.ProtocolHandshake.createSession(ProtocolHandshake.java:108)
	at org.openqa.selenium.remote.ProtocolHandshake.createSession(ProtocolHandshake.java:64)
	at org.openqa.selenium.remote.HttpCommandExecutor.execute(HttpCommandExecutor.java:141)
	at io.appium.java_client.remote.AppiumCommandExecutor.execute(AppiumCommandExecutor.java:69)
	... 38 more
Caused by: java.net.ConnectException: Connection refused: connect
	at java.net.DualStackPlainSocketImpl.waitForConnect(Native Method)
	at java.net.DualStackPlainSocketImpl.socketConnect(DualStackPlainSocketImpl.java:85)
	at java.net.AbstractPlainSocketImpl.doConnect(AbstractPlainSocketImpl.java:350)
	at java.net.AbstractPlainSocketImpl.connectToAddress(AbstractPlainSocketImpl.java:206)
	at java.net.AbstractPlainSocketImpl.connect(AbstractPlainSocketImpl.java:188)
	at java.net.PlainSocketImpl.connect(PlainSocketImpl.java:172)
	at java.net.SocksSocketImpl.connect(SocksSocketImpl.java:392)
	at java.net.Socket.connect(Socket.java:589)
	at org.apache.http.conn.socket.PlainConnectionSocketFactory.connectSocket(PlainConnectionSocketFactory.java:74)
	at org.apache.http.impl.conn.DefaultHttpClientConnectionOperator.connect(DefaultHttpClientConnectionOperator.java:141)
	... 53 more
]]>
            </full-stacktrace>
          </exception> <!-- org.openqa.selenium.WebDriverException -->
          <reporter-output>
          </reporter-output>
        </test-method> <!-- setUp -->
        <test-method status="SKIP" signature="TC_004_Module5_8()[pri:0, instance:test.test_001@1593948d]" name="TC_004_Module5_8" duration-ms="1" started-at="2017-05-04T11:03:02Z" finished-at="2017-05-04T11:03:02Z">
          <reporter-output>
          </reporter-output>
        </test-method> <!-- TC_004_Module5_8 -->
        <test-method status="SKIP" signature="afterMethod()[pri:0, instance:test.test_001@1593948d]" name="afterMethod" is-config="true" duration-ms="0" started-at="2017-05-04T11:03:02Z" finished-at="2017-05-04T11:03:02Z">
          <reporter-output>
          </reporter-output>
        </test-method> <!-- afterMethod -->
        <test-method status="SKIP" signature="setUp()[pri:0, instance:test.test_001@1593948d]" name="setUp" is-config="true" duration-ms="0" started-at="2017-05-04T11:03:02Z" finished-at="2017-05-04T11:03:02Z">
          <reporter-output>
          </reporter-output>
        </test-method> <!-- setUp -->
        <test-method status="SKIP" signature="TC_005_Module5_9()[pri:0, instance:test.test_001@1593948d]" name="TC_005_Module5_9" duration-ms="1" started-at="2017-05-04T11:03:02Z" finished-at="2017-05-04T11:03:02Z">
          <reporter-output>
          </reporter-output>
        </test-method> <!-- TC_005_Module5_9 -->
        <test-method status="SKIP" signature="afterMethod()[pri:0, instance:test.test_001@1593948d]" name="afterMethod" is-config="true" duration-ms="0" started-at="2017-05-04T11:03:02Z" finished-at="2017-05-04T11:03:02Z">
          <reporter-output>
          </reporter-output>
        </test-method> <!-- afterMethod -->
        <test-method status="SKIP" signature="TC_006_Module5_10()[pri:0, instance:test.test_001@1593948d]" name="TC_006_Module5_10" duration-ms="1" started-at="2017-05-04T11:03:02Z" finished-at="2017-05-04T11:03:02Z">
          <reporter-output>
          </reporter-output>
        </test-method> <!-- TC_006_Module5_10 -->
        <test-method status="SKIP" signature="setUp()[pri:0, instance:test.test_001@1593948d]" name="setUp" is-config="true" duration-ms="0" started-at="2017-05-04T11:03:02Z" finished-at="2017-05-04T11:03:02Z">
          <reporter-output>
          </reporter-output>
        </test-method> <!-- setUp -->
        <test-method status="SKIP" signature="afterMethod()[pri:0, instance:test.test_001@1593948d]" name="afterMethod" is-config="true" duration-ms="0" started-at="2017-05-04T11:03:02Z" finished-at="2017-05-04T11:03:02Z">
          <reporter-output>
          </reporter-output>
        </test-method> <!-- afterMethod -->
        <test-method status="SKIP" signature="setUp()[pri:0, instance:test.test_001@1593948d]" name="setUp" is-config="true" duration-ms="0" started-at="2017-05-04T11:03:02Z" finished-at="2017-05-04T11:03:02Z">
          <reporter-output>
          </reporter-output>
        </test-method> <!-- setUp -->
        <test-method status="SKIP" signature="TC_007_Module5_11()[pri:0, instance:test.test_001@1593948d]" name="TC_007_Module5_11" duration-ms="0" started-at="2017-05-04T11:03:02Z" finished-at="2017-05-04T11:03:02Z">
          <reporter-output>
          </reporter-output>
        </test-method> <!-- TC_007_Module5_11 -->
        <test-method status="SKIP" signature="afterMethod()[pri:0, instance:test.test_001@1593948d]" name="afterMethod" is-config="true" duration-ms="0" started-at="2017-05-04T11:03:02Z" finished-at="2017-05-04T11:03:02Z">
          <reporter-output>
          </reporter-output>
        </test-method> <!-- afterMethod -->
        <test-method status="SKIP" signature="TC_008_Module5_12()[pri:0, instance:test.test_001@1593948d]" name="TC_008_Module5_12" duration-ms="1" started-at="2017-05-04T11:03:02Z" finished-at="2017-05-04T11:03:02Z">
          <reporter-output>
          </reporter-output>
        </test-method> <!-- TC_008_Module5_12 -->
        <test-method status="SKIP" signature="setUp()[pri:0, instance:test.test_001@1593948d]" name="setUp" is-config="true" duration-ms="0" started-at="2017-05-04T11:03:02Z" finished-at="2017-05-04T11:03:02Z">
          <reporter-output>
          </reporter-output>
        </test-method> <!-- setUp -->
        <test-method status="SKIP" signature="afterMethod()[pri:0, instance:test.test_001@1593948d]" name="afterMethod" is-config="true" duration-ms="0" started-at="2017-05-04T11:03:02Z" finished-at="2017-05-04T11:03:02Z">
          <reporter-output>
          </reporter-output>
        </test-method> <!-- afterMethod -->
        <test-method status="SKIP" signature="setUp()[pri:0, instance:test.test_001@1593948d]" name="setUp" is-config="true" duration-ms="0" started-at="2017-05-04T11:03:02Z" finished-at="2017-05-04T11:03:02Z">
          <reporter-output>
          </reporter-output>
        </test-method> <!-- setUp -->
        <test-method status="SKIP" signature="TC_009_Module5_13()[pri:0, instance:test.test_001@1593948d]" name="TC_009_Module5_13" duration-ms="1" started-at="2017-05-04T11:03:02Z" finished-at="2017-05-04T11:03:02Z">
          <reporter-output>
          </reporter-output>
        </test-method> <!-- TC_009_Module5_13 -->
        <test-method status="SKIP" signature="afterMethod()[pri:0, instance:test.test_001@1593948d]" name="afterMethod" is-config="true" duration-ms="0" started-at="2017-05-04T11:03:02Z" finished-at="2017-05-04T11:03:02Z">
          <reporter-output>
          </reporter-output>
        </test-method> <!-- afterMethod -->
        <test-method status="SKIP" signature="setUp()[pri:0, instance:test.test_001@1593948d]" name="setUp" is-config="true" duration-ms="0" started-at="2017-05-04T11:03:02Z" finished-at="2017-05-04T11:03:02Z">
          <reporter-output>
          </reporter-output>
        </test-method> <!-- setUp -->
        <test-method status="SKIP" signature="TC_010_Module5_14()[pri:0, instance:test.test_001@1593948d]" name="TC_010_Module5_14" duration-ms="0" started-at="2017-05-04T11:03:02Z" finished-at="2017-05-04T11:03:02Z">
          <reporter-output>
          </reporter-output>
        </test-method> <!-- TC_010_Module5_14 -->
        <test-method status="SKIP" signature="afterMethod()[pri:0, instance:test.test_001@1593948d]" name="afterMethod" is-config="true" duration-ms="0" started-at="2017-05-04T11:03:02Z" finished-at="2017-05-04T11:03:02Z">
          <reporter-output>
          </reporter-output>
        </test-method> <!-- afterMethod -->
        <test-method status="SKIP" signature="setUp()[pri:0, instance:test.test_001@1593948d]" name="setUp" is-config="true" duration-ms="0" started-at="2017-05-04T11:03:02Z" finished-at="2017-05-04T11:03:02Z">
          <reporter-output>
          </reporter-output>
        </test-method> <!-- setUp -->
        <test-method status="SKIP" signature="TC_011_Module5_15()[pri:0, instance:test.test_001@1593948d]" name="TC_011_Module5_15" duration-ms="0" started-at="2017-05-04T11:03:02Z" finished-at="2017-05-04T11:03:02Z">
          <reporter-output>
          </reporter-output>
        </test-method> <!-- TC_011_Module5_15 -->
        <test-method status="SKIP" signature="afterMethod()[pri:0, instance:test.test_001@1593948d]" name="afterMethod" is-config="true" duration-ms="0" started-at="2017-05-04T11:03:02Z" finished-at="2017-05-04T11:03:02Z">
          <reporter-output>
          </reporter-output>
        </test-method> <!-- afterMethod -->
        <test-method status="SKIP" signature="setUp()[pri:0, instance:test.test_001@1593948d]" name="setUp" is-config="true" duration-ms="0" started-at="2017-05-04T11:03:02Z" finished-at="2017-05-04T11:03:02Z">
          <reporter-output>
          </reporter-output>
        </test-method> <!-- setUp -->
        <test-method status="SKIP" signature="TC_012_Module5_16()[pri:0, instance:test.test_001@1593948d]" name="TC_012_Module5_16" duration-ms="0" started-at="2017-05-04T11:03:02Z" finished-at="2017-05-04T11:03:02Z">
          <reporter-output>
          </reporter-output>
        </test-method> <!-- TC_012_Module5_16 -->
        <test-method status="SKIP" signature="afterMethod()[pri:0, instance:test.test_001@1593948d]" name="afterMethod" is-config="true" duration-ms="0" started-at="2017-05-04T11:03:02Z" finished-at="2017-05-04T11:03:02Z">
          <reporter-output>
          </reporter-output>
        </test-method> <!-- afterMethod -->
      </class> <!-- test.test_001 -->
    </test> <!-- Default test -->
  </suite> <!-- Default suite -->
</testng-results>
